[2023-09-27 17:08:04] Socket created
[2023-09-27 17:08:04] Socket bound at port 80
[2023-09-27 17:08:04] Listening on port 80.
[2023-09-27 17:08:49] Connection from client socket 6 accepted
[2023-09-27 17:08:49] Receive 477 bytes from client socket.
[2023-09-27 17:08:49] Request of length 477 received. Start parsing request
[2023-09-27 17:08:49] Request:
 GET /index.html HTTP/1.1
Host: 10.204.4.106
Connection: keep-alive
Upgrade-Insecure-Requests: 1
User-Agent: Mozilla/5.0 (Windows NT 10.0; Win64; x64) AppleWebKit/537.36 (KHTML, like Gecko) Chrome/117.0.0.0 Safari/537.36 Edg/117.0.2045.43
Accept: text/html,application/xhtml+xml,application/xml;q=0.9,image/webp,image/apng,*/*;q=0.8,application/signed-exchange;v=b3;q=0.7
Accept-Encoding: gzip, deflate
Accept-Language: zh-CN,zh;q=0.9,en;q=0.8,en-GB;q=0.7,en-US;q=0.6


[2023-09-27 17:08:49] Sending response header of length 94:
 HTTP/1.1 301 Moved Permanently
Content-Length: 0
Location: https://10.204.4.106/index.html

[2023-09-27 17:08:49] Send 94 bytes to client socket.
[2023-09-27 17:08:49] Connection closed
[2023-09-27 17:08:50] Connection from client socket 6 accepted
