[2023-09-27 17:08:04] Certificate loaded
[2023-09-27 17:08:04] Private key loaded
[2023-09-27 17:08:04] Socket created
[2023-09-27 17:08:04] Socket bound at port 443
[2023-09-27 17:08:04] Listening on port 443.
[2023-09-27 17:08:49] Connection accepted
[2023-09-27 17:08:55] Connection accepted
[2023-09-27 17:08:55] Connection accepted
[2023-09-27 17:08:55] Connection accepted
[2023-09-27 17:08:55] SSL connection established
[2023-09-27 17:08:55] Start handling request
[2023-09-27 17:08:55] Request of length 732 received. Start parsing request
[2023-09-27 17:08:55] Request:
 GET /index.html HTTP/1.1
Host: 10.204.4.106
Connection: keep-alive
Cache-Control: max-age=0
sec-ch-ua: "Microsoft Edge";v="117", "Not;A=Brand";v="8", "Chromium";v="117"
sec-ch-ua-mobile: ?0
sec-ch-ua-platform: "Windows"
Upgrade-Insecure-Requests: 1
User-Agent: Mozilla/5.0 (Windows NT 10.0; Win64; x64) AppleWebKit/537.36 (KHTML, like Gecko) Chrome/117.0.0.0 Safari/537.36 Edg/117.0.2045.43
Accept: text/html,application/xhtml+xml,application/xml;q=0.9,image/webp,image/apng,*/*;q=0.8,application/signed-exchange;v=b3;q=0.7
Sec-Fetch-Site: none
Sec-Fetch-Mode: navigate
Sec-Fetch-User: ?1
Sec-Fetch-Dest: document
Accept-Encoding: gzip, deflate, br
Accept-Language: zh-CN,zh;q=0.9,en;q=0.8,en-GB;q=0.7,en-US;q=0.6


[2023-09-27 17:08:55] Sending response header of length 42:
 HTTP/1.1 200 OK
Content-Length: 50182


[2023-09-27 17:08:55] Sending block of length 1024
[2023-09-27 17:08:55] Sending block of length 1024
[2023-09-27 17:08:55] Sending block of length 1024
[2023-09-27 17:08:55] Sending block of length 1024
[2023-09-27 17:08:55] Sending block of length 1024
[2023-09-27 17:08:55] Sending block of length 1024
[2023-09-27 17:08:55] Sending block of length 1024
[2023-09-27 17:08:55] Sending block of length 1024
[2023-09-27 17:08:55] Sending block of length 1024
[2023-09-27 17:08:55] Sending block of length 1024
[2023-09-27 17:08:55] Sending block of length 1024
[2023-09-27 17:08:55] Sending block of length 1024
[2023-09-27 17:08:55] Sending block of length 1024
[2023-09-27 17:08:55] Sending block of length 1024
[2023-09-27 17:08:55] Sending block of length 1024
[2023-09-27 17:08:55] Sending block of length 1024
[2023-09-27 17:08:55] Sending block of length 1024
[2023-09-27 17:08:55] Sending block of length 1024
[2023-09-27 17:08:55] Sending block of length 1024
[2023-09-27 17:08:55] Sending block of length 1024
[2023-09-27 17:08:55] Sending block of length 1024
[2023-09-27 17:08:55] Sending block of length 1024
[2023-09-27 17:08:55] Sending block of length 1024
[2023-09-27 17:08:55] Sending block of length 1024
[2023-09-27 17:08:55] Sending block of length 1024
[2023-09-27 17:08:55] Sending block of length 1024
[2023-09-27 17:08:55] Sending block of length 1024
[2023-09-27 17:08:55] Sending block of length 1024
[2023-09-27 17:08:55] Sending block of length 1024
[2023-09-27 17:08:55] Sending block of length 1024
[2023-09-27 17:08:55] Sending block of length 1024
[2023-09-27 17:08:55] Sending block of length 1024
[2023-09-27 17:08:55] Sending block of length 1024
[2023-09-27 17:08:55] Sending block of length 1024
[2023-09-27 17:08:55] Sending block of length 1024
[2023-09-27 17:08:55] Sending block of length 1024
[2023-09-27 17:08:55] Sending block of length 1024
[2023-09-27 17:08:55] Sending block of length 1024
[2023-09-27 17:08:55] Sending block of length 1024
[2023-09-27 17:08:55] Sending block of length 1024
[2023-09-27 17:08:55] Sending block of length 1024
[2023-09-27 17:08:55] Sending block of length 1024
[2023-09-27 17:08:55] Sending block of length 1024
[2023-09-27 17:08:55] Sending block of length 1024
[2023-09-27 17:08:55] Sending block of length 1024
[2023-09-27 17:08:55] Sending block of length 1024
[2023-09-27 17:08:55] Sending block of length 1024
[2023-09-27 17:08:55] Sending block of length 1024
[2023-09-27 17:08:55] Sending block of length 1024
[2023-09-27 17:08:55] Sending block of length 6
[2023-09-27 17:08:55] Connection closed
[2023-09-27 17:08:55] Connection accepted
[2023-09-27 17:08:55] Connection accepted
[2023-09-27 17:08:55] Connection accepted
[2023-09-27 17:08:55] SSL connection established
[2023-09-27 17:08:55] Start handling request
[2023-09-27 17:08:55] Request of length 642 received. Start parsing request
[2023-09-27 17:08:55] Request:
 GET /newStyle/images/ks.jpg HTTP/1.1
Host: 10.204.4.106
Connection: keep-alive
sec-ch-ua: "Microsoft Edge";v="117", "Not;A=Brand";v="8", "Chromium";v="117"
sec-ch-ua-mobile: ?0
User-Agent: Mozilla/5.0 (Windows NT 10.0; Win64; x64) AppleWebKit/537.36 (KHTML, like Gecko) Chrome/117.0.0.0 Safari/537.36 Edg/117.0.2045.43
sec-ch-ua-platform: "Windows"
Accept: image/webp,image/apng,image/svg+xml,image/*,*/*;q=0.8
Sec-Fetch-Site: same-origin
Sec-Fetch-Mode: no-cors
Sec-Fetch-Dest: image
Referer: https://10.204.4.106/index.html
Accept-Encoding: gzip, deflate, br
Accept-Language: zh-CN,zh;q=0.9,en;q=0.8,en-GB;q=0.7,en-US;q=0.6

g
[2023-09-27 17:08:55] Sending response header of length 49:
 HTTP/1.1 404 Not Found
Content-Length: 50182


[2023-09-27 17:08:55] Connection closed
[2023-09-27 17:08:55] Connection accepted
[2023-09-27 17:08:55] SSL connection established
[2023-09-27 17:08:55] Start handling request
[2023-09-27 17:08:55] Request of length 642 received. Start parsing request
[2023-09-27 17:08:55] Request:
 GET /newStyle/images/xs.jpg HTTP/1.1
Host: 10.204.4.106
Connection: keep-alive
sec-ch-ua: "Microsoft Edge";v="117", "Not;A=Brand";v="8", "Chromium";v="117"
sec-ch-ua-mobile: ?0
User-Agent: Mozilla/5.0 (Windows NT 10.0; Win64; x64) AppleWebKit/537.36 (KHTML, like Gecko) Chrome/117.0.0.0 Safari/537.36 Edg/117.0.2045.43
sec-ch-ua-platform: "Windows"
Accept: image/webp,image/apng,image/svg+xml,image/*,*/*;q=0.8
Sec-Fetch-Site: same-origin
Sec-Fetch-Mode: no-cors
Sec-Fetch-Dest: image
Referer: https://10.204.4.106/index.html
Accept-Encoding: gzip, deflate, br
Accept-Language: zh-CN,zh;q=0.9,en;q=0.8,en-GB;q=0.7,en-US;q=0.6


[2023-09-27 17:08:55] Sending response header of length 49:
 HTTP/1.1 404 Not Found
Content-Length: 50182


[2023-09-27 17:08:55] Connection closed
[2023-09-27 17:08:55] Connection accepted
[2023-09-27 17:08:55] Connection accepted
[2023-09-27 17:08:55] Connection accepted
[2023-09-27 17:08:55] Connection accepted
[2023-09-27 17:08:55] Connection accepted
[2023-09-27 17:08:55] SSL connection established
[2023-09-27 17:08:55] Start handling request
[2023-09-27 17:08:55] Request of length 642 received. Start parsing request
[2023-09-27 17:08:55] Request:
 GET /newStyle/images/lg.jpg HTTP/1.1
Host: 10.204.4.106
Connection: keep-alive
sec-ch-ua: "Microsoft Edge";v="117", "Not;A=Brand";v="8", "Chromium";v="117"
sec-ch-ua-mobile: ?0
User-Agent: Mozilla/5.0 (Windows NT 10.0; Win64; x64) AppleWebKit/537.36 (KHTML, like Gecko) Chrome/117.0.0.0 Safari/537.36 Edg/117.0.2045.43
sec-ch-ua-platform: "Windows"
Accept: image/webp,image/apng,image/svg+xml,image/*,*/*;q=0.8
Sec-Fetch-Site: same-origin
Sec-Fetch-Mode: no-cors
Sec-Fetch-Dest: image
Referer: https://10.204.4.106/index.html
Accept-Encoding: gzip, deflate, br
Accept-Language: zh-CN,zh;q=0.9,en;q=0.8,en-GB;q=0.7,en-US;q=0.6


